Arguments: 
  C:\Program Files\nodejs\node.exe C:\Users\simju\AppData\Roaming\npm\node_modules\yarn\bin\yarn.js add tsc-watch --network-timeout 100000

PATH: 
  C:\Program Files\Git\mingw64\bin;C:\Program Files\Git\usr\bin;C:\Users\simju\bin;C:\Program Files\Common Files\Oracle\Java\javapath;C:\Program Files (x86)\Common Files\Oracle\Java\javapath;C:\app\user\product\11.2.0\dbhome_1\bin;C:\apache-maven-3.6.2-bin\apache-maven-3.6.2\bin;C:\WINDOWS\system32;C:\WINDOWS;C:\WINDOWS\System32\Wbem;C:\WINDOWS\System32\WindowsPowerShell\v1.0;C:\WINDOWS\System32\OpenSSH;C:\Program Files\Git\cmd;C:\Program Files\PuTTY;C:\Program Files\Intel\WiFi\bin;C:\Program Files\Common Files\Intel\WirelessCommon;C:\Program Files\Java\jdk-11.0.8\bin;C:\Program Files\MySQL\MySQL Server 8.0\bin;C:\app\user\product\11.2.0\dbhome_1\BIN;C:\Users\simju\AppData\Roaming\nvm;C:\Program Files\nodejs;C:\Users\simju\AppData\Local\Programs\Python\Python37;C:\Users\simju\AppData\Local\Programs\Python\Python37\Scripts;C:\Users\simju\AppData\Roaming\npm;C:\Program Files (x86)\Yarn\bin;C:\Program Files\Docker\Docker\resources\bin;C:\ProgramData\DockerDesktop\version-bin;C:\ProgramData\chocolatey\bin;C:\Program Files\nodejs;C:\Program Files\MySQL\MySQL Shell 8.0\bin;C:\Users\simju\AppData\Local\Programs\Microsoft VS Code\bin;C:\Users\simju\AppData\Roaming\nvm;C:\Program Files\nodejs;C:\Users\simju\AppData\Local\Microsoft\WindowsApps;C:\Users\simju\AppData\Local\Yarn\bin;C:\Users\simju\AppData\Roaming\npm;C:\Users\simju\AppData\Local\Android\Sdk\platform-tools;C:\Users\simju\AppData\Local\GitHubDesktop\bin

Yarn version: 
  1.22.5

Node version: 
  15.0.1

Platform: 
  win32 x64

Trace: 
  Error: https://registry.npmjs.org/tsc-watch: tunneling socket could not be established, cause=connect ECONNREFUSED 127.0.0.1:3128
      at ClientRequest.onError (C:\Users\simju\AppData\Roaming\npm\node_modules\yarn\lib\cli.js:152235:17)
      at Object.onceWrapper (node:events:434:26)
      at ClientRequest.emit (node:events:327:20)
      at Socket.socketErrorListener (node:_http_client:478:9)
      at Socket.emit (node:events:327:20)
      at emitErrorNT (node:internal/streams/destroy:194:8)
      at emitErrorCloseNT (node:internal/streams/destroy:159:3)
      at processTicksAndRejections (node:internal/process/task_queues:80:21)

npm manifest: 
  {
    "name": "blockchain_with_typescript",
    "version": "1.0.0",
    "main": "index.js",
    "repository": "https://github.com/junguksim/blockchain_with_typescript.git",
    "author": "SimJungUk <simju9397@gmail.com>",
    "license": "MIT",
    "scripts": {
      "start": "tsc-watch --onSuccess \" node dist/index.js\""
    }
  }

yarn manifest: 
  No manifest

Lockfile: 
  # THIS IS AN AUTOGENERATED FILE. DO NOT EDIT THIS FILE DIRECTLY.
  # yarn lockfile v1
